# JRE version: OpenJDK Runtime Environment (15.0.1+9) (build 15.0.1+9-18)
# Java VM: OpenJDK 64-Bit Server VM (15.0.1+9-18, mixed mode, sharing, tiered, compressed oops, g1 gc, windows-amd64)
GC Precious Log:
 CPUs: 2 total, 2 available
 Memory: 4094M
 Large Page Support: Disabled
 NUMA Support: Disabled
 Compressed Oops: Enabled (32-bit)
 Heap Region Size: 1M
 Heap Min Capacity: 8M
 Heap Initial Capacity: 64M
 Heap Max Capacity: 1G
 Pre-touch: Disabled
 Parallel Workers: 2
 Concurrent Workers: 1
 Concurrent Refinement Workers: 2
 Periodic GC: Disabled
Heap:
 garbage-first heap   total 65536K, used 10602K [0x00000000c0000000, 0x0000000100000000)
  region size 1024K, 5 young (5120K), 5 survivors (5120K)
 Metaspace       used 16644K, capacity 16928K, committed 17024K, reserved 1073152K
  class space    used 2017K, capacity 2131K, committed 2176K, reserved 1048576K
GC Heap History (8 events):
Event: 0.803 GC heap before
{Heap before GC invocations=0 (full 0):
 garbage-first heap   total 65536K, used 5120K [0x00000000c0000000, 0x0000000100000000)
  region size 1024K, 6 young (6144K), 0 survivors (0K)
 Metaspace       used 659K, capacity 4483K, committed 4864K, reserved 1056768K
  class space    used 65K, capacity 385K, committed 512K, reserved 1048576K
}
Event: 0.806 GC heap after
{Heap after GC invocations=1 (full 0):
 garbage-first heap   total 65536K, used 725K [0x00000000c0000000, 0x0000000100000000)
  region size 1024K, 1 young (1024K), 1 survivors (1024K)
 Metaspace       used 659K, capacity 4483K, committed 4864K, reserved 1056768K
  class space    used 65K, capacity 385K, committed 512K, reserved 1048576K
}
Event: 2.383 GC heap before
{Heap before GC invocations=1 (full 0):
 garbage-first heap   total 65536K, used 7893K [0x00000000c0000000, 0x0000000100000000)
  region size 1024K, 8 young (8192K), 1 survivors (1024K)
 Metaspace       used 2427K, capacity 5213K, committed 5504K, reserved 1056768K
  class space    used 256K, capacity 518K, committed 640K, reserved 1048576K
}
Event: 2.391 GC heap after
{Heap after GC invocations=2 (full 0):
 garbage-first heap   total 65536K, used 5267K [0x00000000c0000000, 0x0000000100000000)
  region size 1024K, 1 young (1024K), 1 survivors (1024K)
 Metaspace       used 2427K, capacity 5213K, committed 5504K, reserved 1056768K
  class space    used 256K, capacity 518K, committed 640K, reserved 1048576K
}
Event: 4.523 GC heap before
{Heap before GC invocations=2 (full 0):
 garbage-first heap   total 65536K, used 14483K [0x00000000c0000000, 0x0000000100000000)
  region size 1024K, 11 young (11264K), 1 survivors (1024K)
 Metaspace       used 6320K, capacity 8289K, committed 8576K, reserved 1056768K
  class space    used 636K, capacity 862K, committed 896K, reserved 1048576K
}
Event: 4.529 GC heap after
{Heap after GC invocations=3 (full 0):
 garbage-first heap   total 65536K, used 6955K [0x00000000c0000000, 0x0000000100000000)
  region size 1024K, 2 young (2048K), 2 survivors (2048K)
 Metaspace       used 6320K, capacity 8289K, committed 8576K, reserved 1056768K
  class space    used 636K, capacity 862K, committed 896K, reserved 1048576K
}
Event: 6.249 GC heap before
{Heap before GC invocations=3 (full 0):
 garbage-first heap   total 65536K, used 40747K [0x00000000c0000000, 0x0000000100000000)
  region size 1024K, 36 young (36864K), 2 survivors (2048K)
 Metaspace       used 16644K, capacity 16928K, committed 17024K, reserved 1071104K
  class space    used 2017K, capacity 2131K, committed 2176K, reserved 1048576K
}
Event: 6.274 GC heap after
{Heap after GC invocations=4 (full 0):
 garbage-first heap   total 65536K, used 10602K [0x00000000c0000000, 0x0000000100000000)
  region size 1024K, 5 young (5120K), 5 survivors (5120K)
 Metaspace       used 16644K, capacity 16928K, committed 17024K, reserved 1071104K
  class space    used 2017K, capacity 2131K, committed 2176K, reserved 1048576K
}

